[2026-03-10 09:41:26] local.INFO: ReBAC decision {"user_id":3,"action":"view","resource":"Case:8","decision":"DENY"} 
[2026-03-10 09:41:26] local.WARNING: ReBAC DENY {"user_id":3,"action":"view","resource":"Case","resource_id":8} 
[2026-03-10 10:01:56] local.INFO: ReBAC decision {"user_id":2,"action":"view","resource":"Case:5","decision":"PERMIT"} 
[2026-03-10 10:01:58] local.INFO: ReBAC decision {"user_id":2,"action":"edit","resource":"Case:5","decision":"PERMIT"} 
[2026-03-10 10:01:58] local.INFO: ReBAC decision {"user_id":2,"action":"approve","resource":"Case:5","decision":"DENY"} 
[2026-03-10 10:01:58] local.INFO: ReBAC decision {"user_id":2,"action":"view","resource":"Case:7","decision":"PERMIT"} 
[2026-03-10 10:01:58] local.INFO: ReBAC decision {"user_id":2,"action":"edit","resource":"Case:7","decision":"PERMIT"} 
[2026-03-10 10:01:58] local.INFO: ReBAC decision {"user_id":2,"action":"approve","resource":"Case:7","decision":"DENY"} 
[2026-03-10 10:01:58] local.INFO: ReBAC decision {"user_id":3,"action":"view","resource":"Case:5","decision":"DENY"} 
[2026-03-10 10:01:58] local.INFO: ReBAC decision {"user_id":3,"action":"edit","resource":"Case:5","decision":"DENY"} 
[2026-03-10 10:01:59] local.INFO: ReBAC decision {"user_id":3,"action":"approve","resource":"Case:5","decision":"DENY"} 
[2026-03-10 10:01:59] local.INFO: ReBAC decision {"user_id":3,"action":"view","resource":"Case:7","decision":"DENY"} 
[2026-03-10 10:01:59] local.INFO: ReBAC decision {"user_id":3,"action":"edit","resource":"Case:7","decision":"DENY"} 
[2026-03-10 10:01:59] local.INFO: ReBAC decision {"user_id":3,"action":"approve","resource":"Case:7","decision":"DENY"} 
[2026-03-10 10:01:59] local.INFO: ReBAC decision {"user_id":2,"action":"view","resource":"Case:5","decision":"PERMIT"} 
[2026-03-10 10:01:59] local.INFO: ReBAC decision {"user_id":2,"action":"view","resource":"Case:7","decision":"PERMIT"} 
[2026-03-10 10:01:59] local.INFO: ReBAC decision {"user_id":2,"action":"view","resource":"Case:8","decision":"PERMIT"} 
[2026-03-10 10:01:59] local.INFO: ReBAC decision {"user_id":3,"action":"view","resource":"Case:5","decision":"DENY"} 
[2026-03-10 10:01:59] local.INFO: ReBAC decision {"user_id":3,"action":"view","resource":"Case:7","decision":"DENY"} 
[2026-03-10 10:01:59] local.INFO: ReBAC decision {"user_id":3,"action":"view","resource":"Case:8","decision":"DENY"} 
[2026-03-10 10:02:25] local.INFO: ReBAC decision {"user_id":2,"action":"view","resource":"Case:5","decision":"PERMIT"} 
[2026-03-10 10:02:25] local.INFO: ReBAC decision {"user_id":2,"action":"edit","resource":"Case:5","decision":"PERMIT"} 
[2026-03-10 10:02:25] local.INFO: ReBAC decision {"user_id":2,"action":"approve","resource":"Case:5","decision":"DENY"} 
[2026-03-10 10:02:25] local.INFO: ReBAC decision {"user_id":2,"action":"view","resource":"Case:7","decision":"PERMIT"} 
[2026-03-10 10:02:25] local.INFO: ReBAC decision {"user_id":2,"action":"edit","resource":"Case:7","decision":"PERMIT"} 
[2026-03-10 10:02:25] local.INFO: ReBAC decision {"user_id":2,"action":"approve","resource":"Case:7","decision":"DENY"} 
[2026-03-10 10:02:25] local.INFO: ReBAC decision {"user_id":3,"action":"view","resource":"Case:5","decision":"DENY"} 
[2026-03-10 10:02:25] local.INFO: ReBAC decision {"user_id":3,"action":"edit","resource":"Case:5","decision":"DENY"} 
[2026-03-10 10:02:25] local.INFO: ReBAC decision {"user_id":3,"action":"approve","resource":"Case:5","decision":"DENY"} 
[2026-03-10 10:02:25] local.INFO: ReBAC decision {"user_id":3,"action":"view","resource":"Case:7","decision":"DENY"} 
[2026-03-10 10:02:25] local.INFO: ReBAC decision {"user_id":3,"action":"edit","resource":"Case:7","decision":"DENY"} 
[2026-03-10 10:02:25] local.INFO: ReBAC decision {"user_id":3,"action":"approve","resource":"Case:7","decision":"DENY"} 
[2026-03-10 10:02:25] local.INFO: ReBAC decision {"user_id":2,"action":"view","resource":"Case:5","decision":"PERMIT"} 
[2026-03-10 10:02:25] local.INFO: ReBAC decision {"user_id":2,"action":"view","resource":"Case:7","decision":"PERMIT"} 
[2026-03-10 10:02:25] local.INFO: ReBAC decision {"user_id":2,"action":"view","resource":"Case:8","decision":"PERMIT"} 
[2026-03-10 10:02:25] local.INFO: ReBAC decision {"user_id":3,"action":"view","resource":"Case:5","decision":"DENY"} 
[2026-03-10 10:02:25] local.INFO: ReBAC decision {"user_id":3,"action":"view","resource":"Case:7","decision":"DENY"} 
[2026-03-10 10:02:25] local.INFO: ReBAC decision {"user_id":3,"action":"view","resource":"Case:8","decision":"DENY"} 
[2026-03-10 10:23:00] local.INFO: ReBAC decision {"user_id":2,"action":"view","resource":"Case:5","decision":"PERMIT"} 
[2026-03-10 10:23:02] local.INFO: ReBAC decision {"user_id":2,"action":"edit","resource":"Case:5","decision":"DENY"} 
[2026-03-10 10:23:02] local.INFO: ReBAC decision {"user_id":2,"action":"approve","resource":"Case:5","decision":"DENY"} 
[2026-03-10 10:23:02] local.INFO: ReBAC decision {"user_id":2,"action":"view","resource":"Case:7","decision":"PERMIT"} 
[2026-03-10 10:23:02] local.INFO: ReBAC decision {"user_id":2,"action":"edit","resource":"Case:7","decision":"DENY"} 
[2026-03-10 10:23:02] local.INFO: ReBAC decision {"user_id":2,"action":"approve","resource":"Case:7","decision":"DENY"} 
[2026-03-10 10:23:02] local.INFO: ReBAC decision {"user_id":3,"action":"view","resource":"Case:5","decision":"DENY"} 
[2026-03-10 10:23:02] local.INFO: ReBAC decision {"user_id":3,"action":"edit","resource":"Case:5","decision":"DENY"} 
[2026-03-10 10:23:02] local.INFO: ReBAC decision {"user_id":3,"action":"approve","resource":"Case:5","decision":"DENY"} 
[2026-03-10 10:23:02] local.INFO: ReBAC decision {"user_id":3,"action":"view","resource":"Case:7","decision":"DENY"} 
[2026-03-10 10:23:02] local.INFO: ReBAC decision {"user_id":3,"action":"edit","resource":"Case:7","decision":"DENY"} 
[2026-03-10 10:23:02] local.INFO: ReBAC decision {"user_id":3,"action":"approve","resource":"Case:7","decision":"DENY"} 
[2026-03-10 10:23:02] local.INFO: ReBAC decision {"user_id":2,"action":"view","resource":"Case:5","decision":"PERMIT"} 
[2026-03-10 10:23:02] local.INFO: ReBAC decision {"user_id":2,"action":"view","resource":"Case:7","decision":"PERMIT"} 
[2026-03-10 10:23:02] local.INFO: ReBAC decision {"user_id":2,"action":"view","resource":"Case:8","decision":"PERMIT"} 
[2026-03-10 10:23:02] local.INFO: ReBAC decision {"user_id":3,"action":"view","resource":"Case:5","decision":"DENY"} 
[2026-03-10 10:23:02] local.INFO: ReBAC decision {"user_id":3,"action":"view","resource":"Case:7","decision":"DENY"} 
[2026-03-10 10:23:02] local.INFO: ReBAC decision {"user_id":3,"action":"view","resource":"Case:8","decision":"DENY"} 
[2026-03-10 10:24:41] local.INFO: ReBAC decision {"user_id":3,"action":"view","resource":"Case:5","decision":"DENY"} 
[2026-03-10 10:24:41] local.INFO: ReBAC decision {"user_id":3,"action":"edit","resource":"Case:5","decision":"DENY"} 
[2026-03-10 10:24:41] local.INFO: ReBAC decision {"user_id":3,"action":"approve","resource":"Case:5","decision":"DENY"} 
[2026-03-10 10:26:04] local.INFO: ReBAC decision {"user_id":3,"action":"view","resource":"Case:5","decision":"PERMIT"} 
[2026-03-10 10:26:04] local.INFO: ReBAC decision {"user_id":3,"action":"edit","resource":"Case:5","decision":"DENY"} 
[2026-03-10 10:26:04] local.INFO: ReBAC decision {"user_id":3,"action":"approve","resource":"Case:5","decision":"PERMIT"} 
[2026-03-10 10:26:17] local.INFO: ReBAC decision {"user_id":2,"action":"view","resource":"Case:5","decision":"PERMIT"} 
[2026-03-10 10:26:19] local.INFO: ReBAC decision {"user_id":2,"action":"edit","resource":"Case:5","decision":"DENY"} 
[2026-03-10 10:26:19] local.INFO: ReBAC decision {"user_id":2,"action":"approve","resource":"Case:5","decision":"DENY"} 
[2026-03-10 10:26:19] local.INFO: ReBAC decision {"user_id":2,"action":"view","resource":"Case:7","decision":"PERMIT"} 
[2026-03-10 10:26:19] local.INFO: ReBAC decision {"user_id":2,"action":"edit","resource":"Case:7","decision":"DENY"} 
[2026-03-10 10:26:19] local.INFO: ReBAC decision {"user_id":2,"action":"approve","resource":"Case:7","decision":"DENY"} 
[2026-03-10 10:26:19] local.INFO: ReBAC decision {"user_id":3,"action":"view","resource":"Case:5","decision":"PERMIT"} 
[2026-03-10 10:26:19] local.INFO: ReBAC decision {"user_id":3,"action":"edit","resource":"Case:5","decision":"DENY"} 
[2026-03-10 10:26:19] local.INFO: ReBAC decision {"user_id":3,"action":"approve","resource":"Case:5","decision":"PERMIT"} 
[2026-03-10 10:26:19] local.INFO: ReBAC decision {"user_id":3,"action":"view","resource":"Case:7","decision":"PERMIT"} 
[2026-03-10 10:26:19] local.INFO: ReBAC decision {"user_id":3,"action":"edit","resource":"Case:7","decision":"DENY"} 
[2026-03-10 10:26:19] local.INFO: ReBAC decision {"user_id":3,"action":"approve","resource":"Case:7","decision":"PERMIT"} 
[2026-03-10 10:26:19] local.INFO: ReBAC decision {"user_id":2,"action":"view","resource":"Case:5","decision":"PERMIT"} 
[2026-03-10 10:26:19] local.INFO: ReBAC decision {"user_id":2,"action":"view","resource":"Case:7","decision":"PERMIT"} 
[2026-03-10 10:26:19] local.INFO: ReBAC decision {"user_id":2,"action":"view","resource":"Case:8","decision":"PERMIT"} 
[2026-03-10 10:26:19] local.INFO: ReBAC decision {"user_id":3,"action":"view","resource":"Case:5","decision":"PERMIT"} 
[2026-03-10 10:26:19] local.INFO: ReBAC decision {"user_id":3,"action":"view","resource":"Case:7","decision":"PERMIT"} 
[2026-03-10 10:26:19] local.INFO: ReBAC decision {"user_id":3,"action":"view","resource":"Case:8","decision":"PERMIT"} 
